{"numTotalTestSuites":82,"numPassedTestSuites":82,"numFailedTestSuites":0,"numPendingTestSuites":0,"numTotalTests":245,"numPassedTests":245,"numFailedTests":0,"numPendingTests":0,"numTodoTests":0,"snapshot":{"added":0,"failure":false,"filesAdded":0,"filesRemoved":0,"filesRemovedList":[],"filesUnmatched":0,"filesUpdated":0,"matched":0,"total":0,"unchecked":0,"uncheckedKeysByFile":[],"unmatched":0,"updated":0,"didUpdate":false},"startTime":1780327905160,"success":true,"testResults":[{"assertionResults":[{"ancestorTitles":["API Modules"],"fullName":"API Modules all API modules should export expected functions","status":"passed","title":"all API modules should export expected functions","duration":8617.266800016165,"failureMessages":[],"meta":{},"tags":[]}],"startTime":1780327915493,"endTime":1780327924110.2668,"status":"passed","message":"","name":"C:/Users/12856/Desktop/论文实现/library-system-v2/frontend/src/__tests__/api/api.test.js"},{"assertionResults":[{"ancestorTitles":["BookList Component"],"fullName":"BookList Component should mount without errors","status":"passed","title":"should mount without errors","duration":1098.1996000111103,"failureMessages":[],"meta":{},"tags":[]},{"ancestorTitles":["BookList Component"],"fullName":"BookList Component should render search form elements","status":"passed","title":"should render search form elements","duration":40.31120002269745,"failureMessages":[],"meta":{},"tags":[]}],"startTime":1780327917073,"endTime":1780327918212.3113,"status":"passed","message":"","name":"C:/Users/12856/Desktop/论文实现/library-system-v2/frontend/src/__tests__/components/BookList.test.js"},{"assertionResults":[{"ancestorTitles":["API Integration Tests","Authentication (认证模块)"],"fullName":"API Integration Tests Authentication (认证模块) should login as admin and return accessToken/userInfo","status":"passed","title":"should login as admin and return accessToken/userInfo","duration":69.61910000443459,"failureMessages":[],"meta":{},"tags":[]},{"ancestorTitles":["API Integration Tests","Authentication (认证模块)"],"fullName":"API Integration Tests Authentication (认证模块) should login as reader and return accessToken/userInfo","status":"passed","title":"should login as reader and return accessToken/userInfo","duration":4.510499984025955,"failureMessages":[],"meta":{},"tags":[]},{"ancestorTitles":["API Integration Tests","Authentication (认证模块)"],"fullName":"API Integration Tests Authentication (认证模块) should return 401 for invalid login credentials","status":"passed","title":"should return 401 for invalid login credentials","duration":2.9241999983787537,"failureMessages":[],"meta":{},"tags":[]},{"ancestorTitles":["API Integration Tests","Authentication (认证模块)"],"fullName":"API Integration Tests Authentication (认证模块) should register a new user","status":"passed","title":"should register a new user","duration":3.2827999889850616,"failureMessages":[],"meta":{},"tags":[]},{"ancestorTitles":["API Integration Tests","Authentication (认证模块)"],"fullName":"API Integration Tests Authentication (认证模块) should get user info with valid token","status":"passed","title":"should get user info with valid token","duration":2.420300006866455,"failureMessages":[],"meta":{},"tags":[]},{"ancestorTitles":["API Integration Tests","Authentication (认证模块)"],"fullName":"API Integration Tests Authentication (认证模块) should return 401 when accessing /auth/info without token","status":"passed","title":"should return 401 when accessing /auth/info without token","duration":2.279799997806549,"failureMessages":[],"meta":{},"tags":[]},{"ancestorTitles":["API Integration Tests","Authentication (认证模块)"],"fullName":"API Integration Tests Authentication (认证模块) should logout successfully","status":"passed","title":"should logout successfully","duration":2.0952999889850616,"failureMessages":[],"meta":{},"tags":[]},{"ancestorTitles":["API Integration Tests","Books (图书模块)"],"fullName":"API Integration Tests Books (图书模块) should get book list with pagination","status":"passed","title":"should get book list with pagination","duration":2.420400023460388,"failureMessages":[],"meta":{},"tags":[]},{"ancestorTitles":["API Integration Tests","Books (图书模块)"],"fullName":"API Integration Tests Books (图书模块) should search books by keyword","status":"passed","title":"should search books by keyword","duration":2.75900000333786,"failureMessages":[],"meta":{},"tags":[]},{"ancestorTitles":["API Integration Tests","Books (图书模块)"],"fullName":"API Integration Tests Books (图书模块) should filter books by categoryId","status":"passed","title":"should filter books by categoryId","duration":2.402300000190735,"failureMessages":[],"meta":{},"tags":[]},{"ancestorTitles":["API Integration Tests","Books (图书模块)"],"fullName":"API Integration Tests Books (图书模块) should get book detail by id","status":"passed","title":"should get book detail by id","duration":2.008300006389618,"failureMessages":[],"meta":{},"tags":[]},{"ancestorTitles":["API Integration Tests","Books (图书模块)"],"fullName":"API Integration Tests Books (图书模块) should return null for non-existent book id","status":"passed","title":"should return null for non-existent book id","duration":1.848499983549118,"failureMessages":[],"meta":{},"tags":[]},{"ancestorTitles":["API Integration Tests","Books (图书模块)"],"fullName":"API Integration Tests Books (图书模块) should create a new book","status":"passed","title":"should create a new book","duration":2.2698000073432922,"failureMessages":[],"meta":{},"tags":[]},{"ancestorTitles":["API Integration Tests","Books (图书模块)"],"fullName":"API Integration Tests Books (图书模块) should update an existing book","status":"passed","title":"should update an existing book","duration":4.167199999094009,"failureMessages":[],"meta":{},"tags":[]},{"ancestorTitles":["API Integration Tests","Books (图书模块)"],"fullName":"API Integration Tests Books (图书模块) should return 404 when updating non-existent book","status":"passed","title":"should return 404 when updating non-existent book","duration":2.5186000168323517,"failureMessages":[],"meta":{},"tags":[]},{"ancestorTitles":["API Integration Tests","Books (图书模块)"],"fullName":"API Integration Tests Books (图书模块) should delete a book","status":"passed","title":"should delete a book","duration":2.0683000087738037,"failureMessages":[],"meta":{},"tags":[]},{"ancestorTitles":["API Integration Tests","Books (图书模块)"],"fullName":"API Integration Tests Books (图书模块) should get hot books","status":"passed","title":"should get hot books","duration":1.7821999788284302,"failureMessages":[],"meta":{},"tags":[]},{"ancestorTitles":["API Integration Tests","Books (图书模块)"],"fullName":"API Integration Tests Books (图书模块) should get new books sorted by publishDate","status":"passed","title":"should get new books sorted by publishDate","duration":2.6110000014305115,"failureMessages":[],"meta":{},"tags":[]},{"ancestorTitles":["API Integration Tests","Books (图书模块)"],"fullName":"API Integration Tests Books (图书模块) should check ISBN existence","status":"passed","title":"should check ISBN existence","duration":2.0589999854564667,"failureMessages":[],"meta":{},"tags":[]},{"ancestorTitles":["API Integration Tests","Books (图书模块)"],"fullName":"API Integration Tests Books (图书模块) should check non-existent ISBN","status":"passed","title":"should check non-existent ISBN","duration":1.469999998807907,"failureMessages":[],"meta":{},"tags":[]},{"ancestorTitles":["API Integration Tests","Books (图书模块)"],"fullName":"API Integration Tests Books (图书模块) should perform advanced search","status":"passed","title":"should perform advanced search","duration":1.6635999977588654,"failureMessages":[],"meta":{},"tags":[]},{"ancestorTitles":["API Integration Tests","Books (图书模块)"],"fullName":"API Integration Tests Books (图书模块) should perform advanced search by author","status":"passed","title":"should perform advanced search by author","duration":1.291599988937378,"failureMessages":[],"meta":{},"tags":[]},{"ancestorTitles":["API Integration Tests","Books (图书模块)"],"fullName":"API Integration Tests Books (图书模块) should get category facets","status":"passed","title":"should get category facets","duration":2.2721000015735626,"failureMessages":[],"meta":{},"tags":[]},{"ancestorTitles":["API Integration Tests","Books (图书模块)"],"fullName":"API Integration Tests Books (图书模块) should get author facets","status":"passed","title":"should get author facets","duration":1.8078999817371368,"failureMessages":[],"meta":{},"tags":[]},{"ancestorTitles":["API Integration Tests","Books (图书模块)"],"fullName":"API Integration Tests Books (图书模块) should do ISBN lookup","status":"passed","title":"should do ISBN lookup","duration":1.818200021982193,"failureMessages":[],"meta":{},"tags":[]},{"ancestorTitles":["API Integration Tests","Books (图书模块)"],"fullName":"API Integration Tests Books (图书模块) should export books as xlsx","status":"passed","title":"should export books as xlsx","duration":1.8878999948501587,"failureMessages":[],"meta":{},"tags":[]},{"ancestorTitles":["API Integration Tests","Books (图书模块)"],"fullName":"API Integration Tests Books (图书模块) should import books","status":"passed","title":"should import books","duration":1.9928999841213226,"failureMessages":[],"meta":{},"tags":[]},{"ancestorTitles":["API Integration Tests","Categories (分类模块)"],"fullName":"API Integration Tests Categories (分类模块) should get all categories","status":"passed","title":"should get all categories","duration":1.891999989748001,"failureMessages":[],"meta":{},"tags":[]},{"ancestorTitles":["API Integration Tests","Readers (读者模块)"],"fullName":"API Integration Tests Readers (读者模块) should get reader list with pagination","status":"passed","title":"should get reader list with pagination","duration":1.6481000185012817,"failureMessages":[],"meta":{},"tags":[]},{"ancestorTitles":["API Integration Tests","Readers (读者模块)"],"fullName":"API Integration Tests Readers (读者模块) should search readers by keyword","status":"passed","title":"should search readers by keyword","duration":1.7947999835014343,"failureMessages":[],"meta":{},"tags":[]},{"ancestorTitles":["API Integration Tests","Readers (读者模块)"],"fullName":"API Integration Tests Readers (读者模块) should get reader detail","status":"passed","title":"should get reader detail","duration":2.169099986553192,"failureMessages":[],"meta":{},"tags":[]},{"ancestorTitles":["API Integration Tests","Readers (读者模块)"],"fullName":"API Integration Tests Readers (读者模块) should return null for non-existent reader","status":"passed","title":"should return null for non-existent reader","duration":2.0753999948501587,"failureMessages":[],"meta":{},"tags":[]},{"ancestorTitles":["API Integration Tests","Readers (读者模块)"],"fullName":"API Integration Tests Readers (读者模块) should create a new reader","status":"passed","title":"should create a new reader","duration":2.3592000007629395,"failureMessages":[],"meta":{},"tags":[]},{"ancestorTitles":["API Integration Tests","Readers (读者模块)"],"fullName":"API Integration Tests Readers (读者模块) should update an existing reader","status":"passed","title":"should update an existing reader","duration":3.31360000371933,"failureMessages":[],"meta":{},"tags":[]},{"ancestorTitles":["API Integration Tests","Readers (读者模块)"],"fullName":"API Integration Tests Readers (读者模块) should return 404 when updating non-existent reader","status":"passed","title":"should return 404 when updating non-existent reader","duration":2.5407000184059143,"failureMessages":[],"meta":{},"tags":[]},{"ancestorTitles":["API Integration Tests","Readers (读者模块)"],"fullName":"API Integration Tests Readers (读者模块) should delete a reader","status":"passed","title":"should delete a reader","duration":1.674699991941452,"failureMessages":[],"meta":{},"tags":[]},{"ancestorTitles":["API Integration Tests","Borrows (借阅模块)"],"fullName":"API Integration Tests Borrows (借阅模块) should get borrow list with pagination","status":"passed","title":"should get borrow list with pagination","duration":1.9108000099658966,"failureMessages":[],"meta":{},"tags":[]},{"ancestorTitles":["API Integration Tests","Borrows (借阅模块)"],"fullName":"API Integration Tests Borrows (借阅模块) should filter borrows by status","status":"passed","title":"should filter borrows by status","duration":2.4923999905586243,"failureMessages":[],"meta":{},"tags":[]},{"ancestorTitles":["API Integration Tests","Borrows (借阅模块)"],"fullName":"API Integration Tests Borrows (借阅模块) should filter borrows by keyword","status":"passed","title":"should filter borrows by keyword","duration":1.7150999903678894,"failureMessages":[],"meta":{},"tags":[]},{"ancestorTitles":["API Integration Tests","Borrows (借阅模块)"],"fullName":"API Integration Tests Borrows (借阅模块) should get a borrow record detail","status":"passed","title":"should get a borrow record detail","duration":1.7060000002384186,"failureMessages":[],"meta":{},"tags":[]},{"ancestorTitles":["API Integration Tests","Borrows (借阅模块)"],"fullName":"API Integration Tests Borrows (借阅模块) should return null for non-existent borrow record","status":"passed","title":"should return null for non-existent borrow record","duration":2.009500026702881,"failureMessages":[],"meta":{},"tags":[]},{"ancestorTitles":["API Integration Tests","Borrows (借阅模块)"],"fullName":"API Integration Tests Borrows (借阅模块) should create a new borrow record","status":"passed","title":"should create a new borrow record","duration":3.0577000081539154,"failureMessages":[],"meta":{},"tags":[]},{"ancestorTitles":["API Integration Tests","Borrows (借阅模块)"],"fullName":"API Integration Tests Borrows (借阅模块) should return a book","status":"passed","title":"should return a book","duration":4.072200000286102,"failureMessages":[],"meta":{},"tags":[]},{"ancestorTitles":["API Integration Tests","Borrows (借阅模块)"],"fullName":"API Integration Tests Borrows (借阅模块) should renew a book","status":"passed","title":"should renew a book","duration":3.1055999994277954,"failureMessages":[],"meta":{},"tags":[]},{"ancestorTitles":["API Integration Tests","Borrow Rules (借阅规则模块)"],"fullName":"API Integration Tests Borrow Rules (借阅规则模块) should get all borrow rules","status":"passed","title":"should get all borrow rules","duration":2.3505000174045563,"failureMessages":[],"meta":{},"tags":[]},{"ancestorTitles":["API Integration Tests","Borrow Rules (借阅规则模块)"],"fullName":"API Integration Tests Borrow Rules (借阅规则模块) should get a specific borrow rule","status":"passed","title":"should get a specific borrow rule","duration":3.1364000141620636,"failureMessages":[],"meta":{},"tags":[]},{"ancestorTitles":["API Integration Tests","Borrow Rules (借阅规则模块)"],"fullName":"API Integration Tests Borrow Rules (借阅规则模块) should create a borrow rule","status":"passed","title":"should create a borrow rule","duration":2.031599998474121,"failureMessages":[],"meta":{},"tags":[]},{"ancestorTitles":["API Integration Tests","Borrow Rules (借阅规则模块)"],"fullName":"API Integration Tests Borrow Rules (借阅规则模块) should update a borrow rule","status":"passed","title":"should update a borrow rule","duration":1.9505999982357025,"failureMessages":[],"meta":{},"tags":[]},{"ancestorTitles":["API Integration Tests","Borrow Rules (借阅规则模块)"],"fullName":"API Integration Tests Borrow Rules (借阅规则模块) should delete a borrow rule","status":"passed","title":"should delete a borrow rule","duration":1.2531999945640564,"failureMessages":[],"meta":{},"tags":[]},{"ancestorTitles":["API Integration Tests","Seats (座位模块)"],"fullName":"API Integration Tests Seats (座位模块) should get seat map with pagination","status":"passed","title":"should get seat map with pagination","duration":1.389499992132187,"failureMessages":[],"meta":{},"tags":[]},{"ancestorTitles":["API Integration Tests","Seats (座位模块)"],"fullName":"API Integration Tests Seats (座位模块) should filter seats by area","status":"passed","title":"should filter seats by area","duration":1.6833999752998352,"failureMessages":[],"meta":{},"tags":[]},{"ancestorTitles":["API Integration Tests","Seats (座位模块)"],"fullName":"API Integration Tests Seats (座位模块) should get seat detail","status":"passed","title":"should get seat detail","duration":1.1519000232219696,"failureMessages":[],"meta":{},"tags":[]},{"ancestorTitles":["API Integration Tests","Seats (座位模块)"],"fullName":"API Integration Tests Seats (座位模块) should return null for non-existent seat","status":"passed","title":"should return null for non-existent seat","duration":1.2292999923229218,"failureMessages":[],"meta":{},"tags":[]},{"ancestorTitles":["API Integration Tests","Seats (座位模块)"],"fullName":"API Integration Tests Seats (座位模块) should reserve a seat","status":"passed","title":"should reserve a seat","duration":1.398800015449524,"failureMessages":[],"meta":{},"tags":[]},{"ancestorTitles":["API Integration Tests","Seats (座位模块)"],"fullName":"API Integration Tests Seats (座位模块) should check in to a seat reservation","status":"passed","title":"should check in to a seat reservation","duration":1.3201000094413757,"failureMessages":[],"meta":{},"tags":[]},{"ancestorTitles":["API Integration Tests","Seats (座位模块)"],"fullName":"API Integration Tests Seats (座位模块) should check out from a seat","status":"passed","title":"should check out from a seat","duration":1.3596999943256378,"failureMessages":[],"meta":{},"tags":[]},{"ancestorTitles":["API Integration Tests","Seats (座位模块)"],"fullName":"API Integration Tests Seats (座位模块) should check seat availability","status":"passed","title":"should check seat availability","duration":1.2189000248908997,"failureMessages":[],"meta":{},"tags":[]},{"ancestorTitles":["API Integration Tests","Seats (座位模块)"],"fullName":"API Integration Tests Seats (座位模块) should get my reservations","status":"passed","title":"should get my reservations","duration":1.5742000043392181,"failureMessages":[],"meta":{},"tags":[]},{"ancestorTitles":["API Integration Tests","Seats (座位模块)"],"fullName":"API Integration Tests Seats (座位模块) should get reading rooms list","status":"passed","title":"should get reading rooms list","duration":2.5830000042915344,"failureMessages":[],"meta":{},"tags":[]},{"ancestorTitles":["API Integration Tests","Seats (座位模块)"],"fullName":"API Integration Tests Seats (座位模块) should cancel a seat reservation","status":"passed","title":"should cancel a seat reservation","duration":1.4186999797821045,"failureMessages":[],"meta":{},"tags":[]},{"ancestorTitles":["API Integration Tests","Announcements (公告模块)"],"fullName":"API Integration Tests Announcements (公告模块) should get announcement list with pagination","status":"passed","title":"should get announcement list with pagination","duration":2.8156000077724457,"failureMessages":[],"meta":{},"tags":[]},{"ancestorTitles":["API Integration Tests","Announcements (公告模块)"],"fullName":"API Integration Tests Announcements (公告模块) should get latest announcements","status":"passed","title":"should get latest announcements","duration":2.276399999856949,"failureMessages":[],"meta":{},"tags":[]},{"ancestorTitles":["API Integration Tests","Announcements (公告模块)"],"fullName":"API Integration Tests Announcements (公告模块) should get announcement detail","status":"passed","title":"should get announcement detail","duration":1.1507000029087067,"failureMessages":[],"meta":{},"tags":[]},{"ancestorTitles":["API Integration Tests","Announcements (公告模块)"],"fullName":"API Integration Tests Announcements (公告模块) should create an announcement","status":"passed","title":"should create an announcement","duration":1.5992000102996826,"failureMessages":[],"meta":{},"tags":[]},{"ancestorTitles":["API Integration Tests","Announcements (公告模块)"],"fullName":"API Integration Tests Announcements (公告模块) should update an announcement","status":"passed","title":"should update an announcement","duration":1.8539000153541565,"failureMessages":[],"meta":{},"tags":[]},{"ancestorTitles":["API Integration Tests","Announcements (公告模块)"],"fullName":"API Integration Tests Announcements (公告模块) should publish an announcement","status":"passed","title":"should publish an announcement","duration":1.3024000227451324,"failureMessages":[],"meta":{},"tags":[]},{"ancestorTitles":["API Integration Tests","Announcements (公告模块)"],"fullName":"API Integration Tests Announcements (公告模块) should delete an announcement","status":"passed","title":"should delete an announcement","duration":1.184000015258789,"failureMessages":[],"meta":{},"tags":[]},{"ancestorTitles":["API Integration Tests","Notifications (通知模块)"],"fullName":"API Integration Tests Notifications (通知模块) should get notification list with pagination","status":"passed","title":"should get notification list with pagination","duration":1.3196000158786774,"failureMessages":[],"meta":{},"tags":[]},{"ancestorTitles":["API Integration Tests","Notifications (通知模块)"],"fullName":"API Integration Tests Notifications (通知模块) should get unread notification count","status":"passed","title":"should get unread notification count","duration":1.2882000207901,"failureMessages":[],"meta":{},"tags":[]},{"ancestorTitles":["API Integration Tests","Notifications (通知模块)"],"fullName":"API Integration Tests Notifications (通知模块) should mark a specific notification as read","status":"passed","title":"should mark a specific notification as read","duration":1.2867000102996826,"failureMessages":[],"meta":{},"tags":[]},{"ancestorTitles":["API Integration Tests","Notifications (通知模块)"],"fullName":"API Integration Tests Notifications (通知模块) should mark all notifications as read","status":"passed","title":"should mark all notifications as read","duration":1.1552000045776367,"failureMessages":[],"meta":{},"tags":[]},{"ancestorTitles":["API Integration Tests","Notifications (通知模块)"],"fullName":"API Integration Tests Notifications (通知模块) should have zero unread after read-all","status":"passed","title":"should have zero unread after read-all","duration":1.2373000085353851,"failureMessages":[],"meta":{},"tags":[]},{"ancestorTitles":["API Integration Tests","Statistics (统计模块)"],"fullName":"API Integration Tests Statistics (统计模块) should get statistics overview","status":"passed","title":"should get statistics overview","duration":1.281800001859665,"failureMessages":[],"meta":{},"tags":[]},{"ancestorTitles":["API Integration Tests","Statistics (统计模块)"],"fullName":"API Integration Tests Statistics (统计模块) should get basic statistics","status":"passed","title":"should get basic statistics","duration":1.0647999942302704,"failureMessages":[],"meta":{},"tags":[]},{"ancestorTitles":["API Integration Tests","Statistics (统计模块)"],"fullName":"API Integration Tests Statistics (统计模块) should get monthly borrow statistics","status":"passed","title":"should get monthly borrow statistics","duration":1.266400009393692,"failureMessages":[],"meta":{},"tags":[]},{"ancestorTitles":["API Integration Tests","Statistics (统计模块)"],"fullName":"API Integration Tests Statistics (统计模块) should get category distribution statistics","status":"passed","title":"should get category distribution statistics","duration":1.44650000333786,"failureMessages":[],"meta":{},"tags":[]},{"ancestorTitles":["API Integration Tests","Statistics (统计模块)"],"fullName":"API Integration Tests Statistics (统计模块) should get popular books statistics","status":"passed","title":"should get popular books statistics","duration":1.4292999804019928,"failureMessages":[],"meta":{},"tags":[]},{"ancestorTitles":["API Integration Tests","Credits (信用模块)"],"fullName":"API Integration Tests Credits (信用模块) should get credit list","status":"passed","title":"should get credit list","duration":1.4158999919891357,"failureMessages":[],"meta":{},"tags":[]},{"ancestorTitles":["API Integration Tests","Credits (信用模块)"],"fullName":"API Integration Tests Credits (信用模块) should get credit logs","status":"passed","title":"should get credit logs","duration":1.2461000084877014,"failureMessages":[],"meta":{},"tags":[]},{"ancestorTitles":["API Integration Tests","Volunteers (志愿者模块)"],"fullName":"API Integration Tests Volunteers (志愿者模块) should get volunteer list","status":"passed","title":"should get volunteer list","duration":1.3873000144958496,"failureMessages":[],"meta":{},"tags":[]},{"ancestorTitles":["API Integration Tests","Volunteers (志愿者模块)"],"fullName":"API Integration Tests Volunteers (志愿者模块) should get my volunteer records","status":"passed","title":"should get my volunteer records","duration":1.191100001335144,"failureMessages":[],"meta":{},"tags":[]},{"ancestorTitles":["API Integration Tests","Volunteers (志愿者模块)"],"fullName":"API Integration Tests Volunteers (志愿者模块) should get volunteer stats","status":"passed","title":"should get volunteer stats","duration":1.0866000056266785,"failureMessages":[],"meta":{},"tags":[]},{"ancestorTitles":["API Integration Tests","Volunteers (志愿者模块)"],"fullName":"API Integration Tests Volunteers (志愿者模块) should apply for volunteer service","status":"passed","title":"should apply for volunteer service","duration":1.453799992799759,"failureMessages":[],"meta":{},"tags":[]},{"ancestorTitles":["API Integration Tests","Volunteers (志愿者模块)"],"fullName":"API Integration Tests Volunteers (志愿者模块) should review a volunteer application","status":"passed","title":"should review a volunteer application","duration":1.5734000205993652,"failureMessages":[],"meta":{},"tags":[]},{"ancestorTitles":["API Integration Tests","Volunteers (志愿者模块)"],"fullName":"API Integration Tests Volunteers (志愿者模块) should get pending volunteers","status":"passed","title":"should get pending volunteers","duration":1.2615000009536743,"failureMessages":[],"meta":{},"tags":[]},{"ancestorTitles":["API Integration Tests","Volunteers (志愿者模块)"],"fullName":"API Integration Tests Volunteers (志愿者模块) should cancel a volunteer activity","status":"passed","title":"should cancel a volunteer activity","duration":1.380400002002716,"failureMessages":[],"meta":{},"tags":[]},{"ancestorTitles":["API Integration Tests","Compensations (赔偿模块)"],"fullName":"API Integration Tests Compensations (赔偿模块) should get compensation list","status":"passed","title":"should get compensation list","duration":1.362500011920929,"failureMessages":[],"meta":{},"tags":[]},{"ancestorTitles":["API Integration Tests","Compensations (赔偿模块)"],"fullName":"API Integration Tests Compensations (赔偿模块) should filter compensations by status","status":"passed","title":"should filter compensations by status","duration":1.3255000114440918,"failureMessages":[],"meta":{},"tags":[]},{"ancestorTitles":["API Integration Tests","Compensations (赔偿模块)"],"fullName":"API Integration Tests Compensations (赔偿模块) should create a compensation record","status":"passed","title":"should create a compensation record","duration":2.2497000098228455,"failureMessages":[],"meta":{},"tags":[]},{"ancestorTitles":["API Integration Tests","Compensations (赔偿模块)"],"fullName":"API Integration Tests Compensations (赔偿模块) should approve a compensation","status":"passed","title":"should approve a compensation","duration":1.2197999954223633,"failureMessages":[],"meta":{},"tags":[]},{"ancestorTitles":["API Integration Tests","Suggestions (荐购模块)"],"fullName":"API Integration Tests Suggestions (荐购模块) should get suggestion list","status":"passed","title":"should get suggestion list","duration":1.4292999804019928,"failureMessages":[],"meta":{},"tags":[]},{"ancestorTitles":["API Integration Tests","Suggestions (荐购模块)"],"fullName":"API Integration Tests Suggestions (荐购模块) should create a purchase suggestion","status":"passed","title":"should create a purchase suggestion","duration":1.6323999762535095,"failureMessages":[],"meta":{},"tags":[]},{"ancestorTitles":["API Integration Tests","Suggestions (荐购模块)"],"fullName":"API Integration Tests Suggestions (荐购模块) should approve a suggestion","status":"passed","title":"should approve a suggestion","duration":1.3065000176429749,"failureMessages":[],"meta":{},"tags":[]},{"ancestorTitles":["API Integration Tests","Unified Search (统一搜索)"],"fullName":"API Integration Tests Unified Search (统一搜索) should search across all resources","status":"passed","title":"should search across all resources","duration":1.1220999956130981,"failureMessages":[],"meta":{},"tags":[]},{"ancestorTitles":["API Integration Tests","Unified Search (统一搜索)"],"fullName":"API Integration Tests Unified Search (统一搜索) should return empty results for no-match keyword","status":"passed","title":"should return empty results for no-match keyword","duration":1.4523999989032745,"failureMessages":[],"meta":{},"tags":[]},{"ancestorTitles":["API Integration Tests","Digital Resources (数字资源模块)"],"fullName":"API Integration Tests Digital Resources (数字资源模块) should get digital resource list","status":"passed","title":"should get digital resource list","duration":1.2879999876022339,"failureMessages":[],"meta":{},"tags":[]},{"ancestorTitles":["API Integration Tests","Digital Resources (数字资源模块)"],"fullName":"API Integration Tests Digital Resources (数字资源模块) should get digital resource detail","status":"passed","title":"should get digital resource detail","duration":1.1523000001907349,"failureMessages":[],"meta":{},"tags":[]},{"ancestorTitles":["API Integration Tests","Profile (个人中心)"],"fullName":"API Integration Tests Profile (个人中心) should get user profile","status":"passed","title":"should get user profile","duration":1.3574999868869781,"failureMessages":[],"meta":{},"tags":[]},{"ancestorTitles":["API Integration Tests","Captcha (验证码模块)"],"fullName":"API Integration Tests Captcha (验证码模块) should get captcha","status":"passed","title":"should get captcha","duration":1.5467999875545502,"failureMessages":[],"meta":{},"tags":[]},{"ancestorTitles":["API Integration Tests","Budget Funds (预算模块)"],"fullName":"API Integration Tests Budget Funds (预算模块) should get budget list","status":"passed","title":"should get budget list","duration":1.5065999925136566,"failureMessages":[],"meta":{},"tags":[]},{"ancestorTitles":["API Integration Tests","Budget Funds (预算模块)"],"fullName":"API Integration Tests Budget Funds (预算模块) should create a budget","status":"passed","title":"should create a budget","duration":1.6653000116348267,"failureMessages":[],"meta":{},"tags":[]},{"ancestorTitles":["API Integration Tests","Vendors (供应商模块)"],"fullName":"API Integration Tests Vendors (供应商模块) should get vendor list","status":"passed","title":"should get vendor list","duration":1.2958000004291534,"failureMessages":[],"meta":{},"tags":[]},{"ancestorTitles":["API Integration Tests","Vendors (供应商模块)"],"fullName":"API Integration Tests Vendors (供应商模块) should create a vendor","status":"passed","title":"should create a vendor","duration":1.737500011920929,"failureMessages":[],"meta":{},"tags":[]},{"ancestorTitles":["API Integration Tests","Purchase Orders (采购订单模块)"],"fullName":"API Integration Tests Purchase Orders (采购订单模块) should get purchase order list","status":"passed","title":"should get purchase order list","duration":1.3590999841690063,"failureMessages":[],"meta":{},"tags":[]},{"ancestorTitles":["API Integration Tests","Purchase Orders (采购订单模块)"],"fullName":"API Integration Tests Purchase Orders (采购订单模块) should create a purchase order","status":"passed","title":"should create a purchase order","duration":1.3825999796390533,"failureMessages":[],"meta":{},"tags":[]},{"ancestorTitles":["API Integration Tests","Purchase Orders (采购订单模块)"],"fullName":"API Integration Tests Purchase Orders (采购订单模块) should approve a purchase order","status":"passed","title":"should approve a purchase order","duration":1.8310000002384186,"failureMessages":[],"meta":{},"tags":[]},{"ancestorTitles":["API Integration Tests","MARC Records (MARC记录模块)"],"fullName":"API Integration Tests MARC Records (MARC记录模块) should get MARC record list","status":"passed","title":"should get MARC record list","duration":1.4767999947071075,"failureMessages":[],"meta":{},"tags":[]},{"ancestorTitles":["API Integration Tests","MARC Records (MARC记录模块)"],"fullName":"API Integration Tests MARC Records (MARC记录模块) should get MARC record detail","status":"passed","title":"should get MARC record detail","duration":1.3463000059127808,"failureMessages":[],"meta":{},"tags":[]},{"ancestorTitles":["API Integration Tests","Serial Subscriptions (期刊订阅模块)"],"fullName":"API Integration Tests Serial Subscriptions (期刊订阅模块) should get serial subscriptions","status":"passed","title":"should get serial subscriptions","duration":2.7035000026226044,"failureMessages":[],"meta":{},"tags":[]},{"ancestorTitles":["API Integration Tests","Serial Subscriptions (期刊订阅模块)"],"fullName":"API Integration Tests Serial Subscriptions (期刊订阅模块) should get serial issues","status":"passed","title":"should get serial issues","duration":3.75,"failureMessages":[],"meta":{},"tags":[]},{"ancestorTitles":["API Integration Tests","Serial Subscriptions (期刊订阅模块)"],"fullName":"API Integration Tests Serial Subscriptions (期刊订阅模块) should mark an issue as received","status":"passed","title":"should mark an issue as received","duration":1.2348999977111816,"failureMessages":[],"meta":{},"tags":[]},{"ancestorTitles":["API Integration Tests","Serial Subscriptions (期刊订阅模块)"],"fullName":"API Integration Tests Serial Subscriptions (期刊订阅模块) should mark an issue as missing","status":"passed","title":"should mark an issue as missing","duration":1.1149999797344208,"failureMessages":[],"meta":{},"tags":[]},{"ancestorTitles":["API Integration Tests","Branches (分馆模块)"],"fullName":"API Integration Tests Branches (分馆模块) should get branch list","status":"passed","title":"should get branch list","duration":2.3992000222206116,"failureMessages":[],"meta":{},"tags":[]},{"ancestorTitles":["API Integration Tests","Branches (分馆模块)"],"fullName":"API Integration Tests Branches (分馆模块) should get branch detail","status":"passed","title":"should get branch detail","duration":1.2304999828338623,"failureMessages":[],"meta":{},"tags":[]},{"ancestorTitles":["API Integration Tests","Reports (报表模块)"],"fullName":"API Integration Tests Reports (报表模块) should get report list","status":"passed","title":"should get report list","duration":1.2262000143527985,"failureMessages":[],"meta":{},"tags":[]},{"ancestorTitles":["API Integration Tests","Reports (报表模块)"],"fullName":"API Integration Tests Reports (报表模块) should create a report","status":"passed","title":"should create a report","duration":1.7537000179290771,"failureMessages":[],"meta":{},"tags":[]},{"ancestorTitles":["API Integration Tests","Edge Cases & Boundary Tests (边界条件测试)"],"fullName":"API Integration Tests Edge Cases & Boundary Tests (边界条件测试) should return 404 for non-existent API endpoint","status":"passed","title":"should return 404 for non-existent API endpoint","duration":1.0728999972343445,"failureMessages":[],"meta":{},"tags":[]},{"ancestorTitles":["API Integration Tests","Edge Cases & Boundary Tests (边界条件测试)"],"fullName":"API Integration Tests Edge Cases & Boundary Tests (边界条件测试) should return 404 for non-existent resource sub-path","status":"passed","title":"should return 404 for non-existent resource sub-path","duration":1.13510000705719,"failureMessages":[],"meta":{},"tags":[]},{"ancestorTitles":["API Integration Tests","Edge Cases & Boundary Tests (边界条件测试)"],"fullName":"API Integration Tests Edge Cases & Boundary Tests (边界条件测试) should handle large page number gracefully","status":"passed","title":"should handle large page number gracefully","duration":1.0108000040054321,"failureMessages":[],"meta":{},"tags":[]},{"ancestorTitles":["API Integration Tests","Edge Cases & Boundary Tests (边界条件测试)"],"fullName":"API Integration Tests Edge Cases & Boundary Tests (边界条件测试) should handle zero size pagination","status":"passed","title":"should handle zero size pagination","duration":1.0597000122070312,"failureMessages":[],"meta":{},"tags":[]},{"ancestorTitles":["API Integration Tests","Edge Cases & Boundary Tests (边界条件测试)"],"fullName":"API Integration Tests Edge Cases & Boundary Tests (边界条件测试) should handle large size pagination","status":"passed","title":"should handle large size pagination","duration":1.4736000001430511,"failureMessages":[],"meta":{},"tags":[]},{"ancestorTitles":["API Integration Tests","Edge Cases & Boundary Tests (边界条件测试)"],"fullName":"API Integration Tests Edge Cases & Boundary Tests (边界条件测试) should handle missing query parameters gracefully","status":"passed","title":"should handle missing query parameters gracefully","duration":1.2220999896526337,"failureMessages":[],"meta":{},"tags":[]},{"ancestorTitles":["API Integration Tests","Edge Cases & Boundary Tests (边界条件测试)"],"fullName":"API Integration Tests Edge Cases & Boundary Tests (边界条件测试) should handle empty body on login","status":"passed","title":"should handle empty body on login","duration":1.2318000197410583,"failureMessages":[],"meta":{},"tags":[]},{"ancestorTitles":["API Integration Tests","Edge Cases & Boundary Tests (边界条件测试)"],"fullName":"API Integration Tests Edge Cases & Boundary Tests (边界条件测试) should return 200 for OPTIONS preflight (CORS)","status":"passed","title":"should return 200 for OPTIONS preflight (CORS)","duration":0.9278999865055084,"failureMessages":[],"meta":{},"tags":[]},{"ancestorTitles":["API Integration Tests","Edge Cases & Boundary Tests (边界条件测试)"],"fullName":"API Integration Tests Edge Cases & Boundary Tests (边界条件测试) should return CORS headers in response","status":"passed","title":"should return CORS headers in response","duration":0.9108999967575073,"failureMessages":[],"meta":{},"tags":[]}],"startTime":1780327907737,"endTime":1780327908031.928,"status":"passed","message":"","name":"C:/Users/12856/Desktop/论文实现/library-system-v2/frontend/src/__tests__/integration/api-integration.test.js"},{"assertionResults":[{"ancestorTitles":["useCategories"],"fullName":"useCategories should have default hardcoded categories on init","status":"passed","title":"should have default hardcoded categories on init","duration":812.2141000032425,"failureMessages":[],"meta":{},"tags":[]},{"ancestorTitles":["useCategories"],"fullName":"useCategories should load categories from API and update options","status":"passed","title":"should load categories from API and update options","duration":1.4562999904155731,"failureMessages":[],"meta":{},"tags":[]},{"ancestorTitles":["useCategories"],"fullName":"useCategories should fallback to hardcoded categories if API items have no name or id","status":"passed","title":"should fallback to hardcoded categories if API items have no name or id","duration":0.4512999951839447,"failureMessages":[],"meta":{},"tags":[]},{"ancestorTitles":["useCategories"],"fullName":"useCategories should fallback to hardcoded categories on API error","status":"passed","title":"should fallback to hardcoded categories on API error","duration":0.9375,"failureMessages":[],"meta":{},"tags":[]},{"ancestorTitles":["useCategories"],"fullName":"useCategories should keep default categories when API returns empty array","status":"passed","title":"should keep default categories when API returns empty array","duration":0.7056000232696533,"failureMessages":[],"meta":{},"tags":[]},{"ancestorTitles":["useCategories"],"fullName":"useCategories should keep default categories when API returns non-array","status":"passed","title":"should keep default categories when API returns non-array","duration":0.4123000204563141,"failureMessages":[],"meta":{},"tags":[]},{"ancestorTitles":["useCategories"],"fullName":"useCategories should expose loadCategories as a function","status":"passed","title":"should expose loadCategories as a function","duration":0.38520002365112305,"failureMessages":[],"meta":{},"tags":[]}],"startTime":1780327916310,"endTime":1780327917127.3853,"status":"passed","message":"","name":"C:/Users/12856/Desktop/论文实现/library-system-v2/frontend/src/__tests__/composables/useCategories.test.js"},{"assertionResults":[{"ancestorTitles":["useResponsive"],"fullName":"useResponsive should report desktop when width >= 992","status":"passed","title":"should report desktop when width >= 992","duration":12.34070000052452,"failureMessages":[],"meta":{},"tags":[]},{"ancestorTitles":["useResponsive"],"fullName":"useResponsive should report tablet when width between 768 and 992","status":"passed","title":"should report tablet when width between 768 and 992","duration":0.7453999817371368,"failureMessages":[],"meta":{},"tags":[]},{"ancestorTitles":["useResponsive"],"fullName":"useResponsive should report mobile when width < 768","status":"passed","title":"should report mobile when width < 768","duration":0.567300021648407,"failureMessages":[],"meta":{},"tags":[]},{"ancestorTitles":["useResponsive"],"fullName":"useResponsive should expose current width","status":"passed","title":"should expose current width","duration":0.7633999884128571,"failureMessages":[],"meta":{},"tags":[]},{"ancestorTitles":["useResponsive"],"fullName":"useResponsive should register resize listener on mounted","status":"passed","title":"should register resize listener on mounted","duration":3.5125000178813934,"failureMessages":[],"meta":{},"tags":[]},{"ancestorTitles":["useResponsive"],"fullName":"useResponsive should remove resize listener on unmounted","status":"passed","title":"should remove resize listener on unmounted","duration":0.9907000064849854,"failureMessages":[],"meta":{},"tags":[]},{"ancestorTitles":["useResponsive"],"fullName":"useResponsive should handle resize event and update width","status":"passed","title":"should handle resize event and update width","duration":0.618800014257431,"failureMessages":[],"meta":{},"tags":[]}],"startTime":1780327918488,"endTime":1780327918508.619,"status":"passed","message":"","name":"C:/Users/12856/Desktop/论文实现/library-system-v2/frontend/src/__tests__/composables/useResponsive.test.js"},{"assertionResults":[{"ancestorTitles":[],"fullName":"getToken - should return null when no token set","status":"passed","title":"getToken - should return null when no token set","duration":5.9142999947071075,"failureMessages":[],"meta":{},"tags":[]},{"ancestorTitles":[],"fullName":"setToken/getToken - should store and retrieve access token","status":"passed","title":"setToken/getToken - should store and retrieve access token","duration":1.0421999990940094,"failureMessages":[],"meta":{},"tags":[]},{"ancestorTitles":[],"fullName":"setToken - should persist access token to sessionStorage","status":"passed","title":"setToken - should persist access token to sessionStorage","duration":1.1703999936580658,"failureMessages":[],"meta":{},"tags":[]},{"ancestorTitles":[],"fullName":"setToken - should only update refresh token when provided","status":"passed","title":"setToken - should only update refresh token when provided","duration":0.9088000059127808,"failureMessages":[],"meta":{},"tags":[]},{"ancestorTitles":[],"fullName":"clearToken - should clear all tokens","status":"passed","title":"clearToken - should clear all tokens","duration":0.8307999968528748,"failureMessages":[],"meta":{},"tags":[]},{"ancestorTitles":[],"fullName":"should restore token from sessionStorage on module load","status":"passed","title":"should restore token from sessionStorage on module load","duration":0.7803999781608582,"failureMessages":[],"meta":{},"tags":[]}],"startTime":1780327918251,"endTime":1780327918261.7805,"status":"passed","message":"","name":"C:/Users/12856/Desktop/论文实现/library-system-v2/frontend/src/__tests__/utils/auth.test.js"},{"assertionResults":[{"ancestorTitles":["formatDate"],"fullName":"formatDate should format date with YYYY-MM-DD","status":"passed","title":"should format date with YYYY-MM-DD","duration":2.525299996137619,"failureMessages":[],"meta":{},"tags":[]},{"ancestorTitles":["formatDate"],"fullName":"formatDate should format date with HH:mm:ss","status":"passed","title":"should format date with HH:mm:ss","duration":0.24079999327659607,"failureMessages":[],"meta":{},"tags":[]},{"ancestorTitles":["formatDate"],"fullName":"formatDate should handle string date input","status":"passed","title":"should handle string date input","duration":0.1647000014781952,"failureMessages":[],"meta":{},"tags":[]},{"ancestorTitles":["formatDate"],"fullName":"formatDate should use default format YYYY-MM-DD","status":"passed","title":"should use default format YYYY-MM-DD","duration":0.2653000056743622,"failureMessages":[],"meta":{},"tags":[]},{"ancestorTitles":["formatDate"],"fullName":"formatDate should return empty for invalid date","status":"passed","title":"should return empty for invalid date","duration":0.2864999771118164,"failureMessages":[],"meta":{},"tags":[]},{"ancestorTitles":["getPaginationParams"],"fullName":"getPaginationParams should return defaults when no args","status":"passed","title":"should return defaults when no args","duration":0.8885000050067902,"failureMessages":[],"meta":{},"tags":[]},{"ancestorTitles":["getPaginationParams"],"fullName":"getPaginationParams should return custom pagination","status":"passed","title":"should return custom pagination","duration":0.2071000039577484,"failureMessages":[],"meta":{},"tags":[]}],"startTime":1780327918297,"endTime":1780327918301.8884,"status":"passed","message":"","name":"C:/Users/12856/Desktop/论文实现/library-system-v2/frontend/src/__tests__/utils/format.test.js"},{"assertionResults":[{"ancestorTitles":["pinia-persistence","PERSIST_STORES config"],"fullName":"pinia-persistence PERSIST_STORES config should contain user store id","status":"passed","title":"should contain user store id","duration":66.20729997754097,"failureMessages":[],"meta":{},"tags":[]},{"ancestorTitles":["pinia-persistence","PERSIST_STORES config"],"fullName":"pinia-persistence PERSIST_STORES config should be an array","status":"passed","title":"should be an array","duration":0.8069999814033508,"failureMessages":[],"meta":{},"tags":[]},{"ancestorTitles":["pinia-persistence","PERSIST_STORES config"],"fullName":"pinia-persistence PERSIST_STORES config should not be empty","status":"passed","title":"should not be empty","duration":0.7994999885559082,"failureMessages":[],"meta":{},"tags":[]},{"ancestorTitles":["pinia-persistence","store restoration"],"fullName":"pinia-persistence store restoration should restore state from sessionStorage on init","status":"passed","title":"should restore state from sessionStorage on init","duration":2.8438000082969666,"failureMessages":[],"meta":{},"tags":[]},{"ancestorTitles":["pinia-persistence","store restoration"],"fullName":"pinia-persistence store restoration should exclude token from restored state","status":"passed","title":"should exclude token from restored state","duration":1.594999998807907,"failureMessages":[],"meta":{},"tags":[]},{"ancestorTitles":["pinia-persistence","store restoration"],"fullName":"pinia-persistence store restoration should not restore when no stored data exists","status":"passed","title":"should not restore when no stored data exists","duration":0.9053000211715698,"failureMessages":[],"meta":{},"tags":[]},{"ancestorTitles":["pinia-persistence","store restoration"],"fullName":"pinia-persistence store restoration should handle corrupt JSON gracefully","status":"passed","title":"should handle corrupt JSON gracefully","duration":2.9713999927043915,"failureMessages":[],"meta":{},"tags":[]},{"ancestorTitles":["pinia-persistence","state persistence subscription"],"fullName":"pinia-persistence state persistence subscription should subscribe to store changes","status":"passed","title":"should subscribe to store changes","duration":1.1211000084877014,"failureMessages":[],"meta":{},"tags":[]},{"ancestorTitles":["pinia-persistence","state persistence subscription"],"fullName":"pinia-persistence state persistence subscription should save state to sessionStorage on change","status":"passed","title":"should save state to sessionStorage on change","duration":1.7660000026226044,"failureMessages":[],"meta":{},"tags":[]},{"ancestorTitles":["pinia-persistence","state persistence subscription"],"fullName":"pinia-persistence state persistence subscription should exclude token from persisted state","status":"passed","title":"should exclude token from persisted state","duration":1.1525000035762787,"failureMessages":[],"meta":{},"tags":[]},{"ancestorTitles":["pinia-persistence","store filtering"],"fullName":"pinia-persistence store filtering should not persist stores not in PERSIST_STORES","status":"passed","title":"should not persist stores not in PERSIST_STORES","duration":0.7512000203132629,"failureMessages":[],"meta":{},"tags":[]},{"ancestorTitles":["pinia-persistence","store filtering"],"fullName":"pinia-persistence store filtering should not restore state for unlisted store","status":"passed","title":"should not restore state for unlisted store","duration":0.7507999837398529,"failureMessages":[],"meta":{},"tags":[]}],"startTime":1780327917995,"endTime":1780327918077.7507,"status":"passed","message":"","name":"C:/Users/12856/Desktop/论文实现/library-system-v2/frontend/src/__tests__/utils/pinia-persistence.test.js"},{"assertionResults":[{"ancestorTitles":["request utils"],"fullName":"request utils should make GET request with axios","status":"passed","title":"should make GET request with axios","duration":3.064300000667572,"failureMessages":[],"meta":{},"tags":[]},{"ancestorTitles":["request utils"],"fullName":"request utils should make POST request with body","status":"passed","title":"should make POST request with body","duration":0.451200008392334,"failureMessages":[],"meta":{},"tags":[]},{"ancestorTitles":["request utils"],"fullName":"request utils should handle error response","status":"passed","title":"should handle error response","duration":1.9496999979019165,"failureMessages":[],"meta":{},"tags":[]}],"startTime":1780327918528,"endTime":1780327918532.9497,"status":"passed","message":"","name":"C:/Users/12856/Desktop/论文实现/library-system-v2/frontend/src/__tests__/utils/request.test.js"},{"assertionResults":[{"ancestorTitles":["useBookStore","initial state"],"fullName":"useBookStore initial state books should be empty array","status":"passed","title":"books should be empty array","duration":121.36630001664162,"failureMessages":[],"meta":{},"tags":[]},{"ancestorTitles":["useBookStore","initial state"],"fullName":"useBookStore initial state currentBook should be null","status":"passed","title":"currentBook should be null","duration":2.3508999943733215,"failureMessages":[],"meta":{},"tags":[]},{"ancestorTitles":["useBookStore","initial state"],"fullName":"useBookStore initial state total should be 0","status":"passed","title":"total should be 0","duration":1.9959999918937683,"failureMessages":[],"meta":{},"tags":[]},{"ancestorTitles":["useBookStore","initial state"],"fullName":"useBookStore initial state loading should be false","status":"passed","title":"loading should be false","duration":1.6350000202655792,"failureMessages":[],"meta":{},"tags":[]},{"ancestorTitles":["useBookStore","fetchBooks"],"fullName":"useBookStore fetchBooks should fetch books and update state","status":"passed","title":"should fetch books and update state","duration":3.431300014257431,"failureMessages":[],"meta":{},"tags":[]},{"ancestorTitles":["useBookStore","fetchBooks"],"fullName":"useBookStore fetchBooks should set loading to true during fetch","status":"passed","title":"should set loading to true during fetch","duration":18.740599989891052,"failureMessages":[],"meta":{},"tags":[]},{"ancestorTitles":["useBookStore","fetchBooks"],"fullName":"useBookStore fetchBooks should handle empty result","status":"passed","title":"should handle empty result","duration":2.063500016927719,"failureMessages":[],"meta":{},"tags":[]},{"ancestorTitles":["useBookStore","fetchBooks"],"fullName":"useBookStore fetchBooks should handle flat data without records wrapper","status":"passed","title":"should handle flat data without records wrapper","duration":1.2761000096797943,"failureMessages":[],"meta":{},"tags":[]},{"ancestorTitles":["useBookStore","fetchBooks"],"fullName":"useBookStore fetchBooks should set loading to false even on error","status":"passed","title":"should set loading to false even on error","duration":1.6351999938488007,"failureMessages":[],"meta":{},"tags":[]},{"ancestorTitles":["useBookStore","fetchBookDetail"],"fullName":"useBookStore fetchBookDetail should fetch book detail and set currentBook","status":"passed","title":"should fetch book detail and set currentBook","duration":1.2556000053882599,"failureMessages":[],"meta":{},"tags":[]},{"ancestorTitles":["useBookStore","fetchBookDetail"],"fullName":"useBookStore fetchBookDetail should handle response without data wrapper","status":"passed","title":"should handle response without data wrapper","duration":0.9846000075340271,"failureMessages":[],"meta":{},"tags":[]},{"ancestorTitles":["useBookStore","fetchBookDetail"],"fullName":"useBookStore fetchBookDetail should set loading to false after fetch","status":"passed","title":"should set loading to false after fetch","duration":0.9007999897003174,"failureMessages":[],"meta":{},"tags":[]},{"ancestorTitles":["useBookStore","createBook"],"fullName":"useBookStore createBook should call addBook API","status":"passed","title":"should call addBook API","duration":1.4814999997615814,"failureMessages":[],"meta":{},"tags":[]},{"ancestorTitles":["useBookStore","createBook"],"fullName":"useBookStore createBook should show error message on failure","status":"passed","title":"should show error message on failure","duration":2.5873000025749207,"failureMessages":[],"meta":{},"tags":[]},{"ancestorTitles":["useBookStore","editBook"],"fullName":"useBookStore editBook should call updateBook API","status":"passed","title":"should call updateBook API","duration":1.2542999982833862,"failureMessages":[],"meta":{},"tags":[]},{"ancestorTitles":["useBookStore","editBook"],"fullName":"useBookStore editBook should show error message on failure","status":"passed","title":"should show error message on failure","duration":1.3160000145435333,"failureMessages":[],"meta":{},"tags":[]},{"ancestorTitles":["useBookStore","removeBook"],"fullName":"useBookStore removeBook should call deleteBook API","status":"passed","title":"should call deleteBook API","duration":1.0692999958992004,"failureMessages":[],"meta":{},"tags":[]},{"ancestorTitles":["useBookStore","removeBook"],"fullName":"useBookStore removeBook should show error message on failure","status":"passed","title":"should show error message on failure","duration":1.0679999887943268,"failureMessages":[],"meta":{},"tags":[]}],"startTime":1780327917430,"endTime":1780327917597.068,"status":"passed","message":"","name":"C:/Users/12856/Desktop/论文实现/library-system-v2/frontend/src/__tests__/stores/book.test.js"},{"assertionResults":[{"ancestorTitles":["useBorrowStore","initial state"],"fullName":"useBorrowStore initial state borrows should be empty array","status":"passed","title":"borrows should be empty array","duration":123.05129998922348,"failureMessages":[],"meta":{},"tags":[]},{"ancestorTitles":["useBorrowStore","initial state"],"fullName":"useBorrowStore initial state myBorrows should be empty array","status":"passed","title":"myBorrows should be empty array","duration":2.189899981021881,"failureMessages":[],"meta":{},"tags":[]},{"ancestorTitles":["useBorrowStore","initial state"],"fullName":"useBorrowStore initial state total should be 0","status":"passed","title":"total should be 0","duration":1.5371000170707703,"failureMessages":[],"meta":{},"tags":[]},{"ancestorTitles":["useBorrowStore","initial state"],"fullName":"useBorrowStore initial state loading should be false","status":"passed","title":"loading should be false","duration":1.30799999833107,"failureMessages":[],"meta":{},"tags":[]},{"ancestorTitles":["useBorrowStore","fetchMyBorrows"],"fullName":"useBorrowStore fetchMyBorrows should fetch my borrows and update state","status":"passed","title":"should fetch my borrows and update state","duration":3.6198999881744385,"failureMessages":[],"meta":{},"tags":[]},{"ancestorTitles":["useBorrowStore","fetchMyBorrows"],"fullName":"useBorrowStore fetchMyBorrows should set loading to true during fetch","status":"passed","title":"should set loading to true during fetch","duration":19.42519998550415,"failureMessages":[],"meta":{},"tags":[]},{"ancestorTitles":["useBorrowStore","fetchMyBorrows"],"fullName":"useBorrowStore fetchMyBorrows should handle empty result","status":"passed","title":"should handle empty result","duration":2.3089999854564667,"failureMessages":[],"meta":{},"tags":[]},{"ancestorTitles":["useBorrowStore","fetchMyBorrows"],"fullName":"useBorrowStore fetchMyBorrows should handle flat data response","status":"passed","title":"should handle flat data response","duration":1.320800006389618,"failureMessages":[],"meta":{},"tags":[]},{"ancestorTitles":["useBorrowStore","borrow"],"fullName":"useBorrowStore borrow should call borrowBook API","status":"passed","title":"should call borrowBook API","duration":1.5385999977588654,"failureMessages":[],"meta":{},"tags":[]},{"ancestorTitles":["useBorrowStore","borrow"],"fullName":"useBorrowStore borrow should show error message on failure","status":"passed","title":"should show error message on failure","duration":3.0646999776363373,"failureMessages":[],"meta":{},"tags":[]},{"ancestorTitles":["useBorrowStore","returnBookById"],"fullName":"useBorrowStore returnBookById should call returnBook API","status":"passed","title":"should call returnBook API","duration":1.1544999778270721,"failureMessages":[],"meta":{},"tags":[]},{"ancestorTitles":["useBorrowStore","returnBookById"],"fullName":"useBorrowStore returnBookById should show error message on failure","status":"passed","title":"should show error message on failure","duration":1.0816999971866608,"failureMessages":[],"meta":{},"tags":[]},{"ancestorTitles":["useBorrowStore","renew"],"fullName":"useBorrowStore renew should call renewBook API with data","status":"passed","title":"should call renewBook API with data","duration":1.242599993944168,"failureMessages":[],"meta":{},"tags":[]},{"ancestorTitles":["useBorrowStore","renew"],"fullName":"useBorrowStore renew should show error on failure","status":"passed","title":"should show error on failure","duration":1.6322999894618988,"failureMessages":[],"meta":{},"tags":[]}],"startTime":1780327917426,"endTime":1780327917591.6323,"status":"passed","message":"","name":"C:/Users/12856/Desktop/论文实现/library-system-v2/frontend/src/__tests__/stores/borrow.test.js"},{"assertionResults":[{"ancestorTitles":["useSeatStore","initial state"],"fullName":"useSeatStore initial state seats should be empty array","status":"passed","title":"seats should be empty array","duration":24.9239000082016,"failureMessages":[],"meta":{},"tags":[]},{"ancestorTitles":["useSeatStore","initial state"],"fullName":"useSeatStore initial state myReservations should be empty array","status":"passed","title":"myReservations should be empty array","duration":1.6358999907970428,"failureMessages":[],"meta":{},"tags":[]},{"ancestorTitles":["useSeatStore","initial state"],"fullName":"useSeatStore initial state loading should be false","status":"passed","title":"loading should be false","duration":1.4477999806404114,"failureMessages":[],"meta":{},"tags":[]},{"ancestorTitles":["useSeatStore","fetchSeatMap"],"fullName":"useSeatStore fetchSeatMap should fetch seats and update state","status":"passed","title":"should fetch seats and update state","duration":3.102200001478195,"failureMessages":[],"meta":{},"tags":[]},{"ancestorTitles":["useSeatStore","fetchSeatMap"],"fullName":"useSeatStore fetchSeatMap should set loading to true during fetch","status":"passed","title":"should set loading to true during fetch","duration":20.560600012540817,"failureMessages":[],"meta":{},"tags":[]},{"ancestorTitles":["useSeatStore","fetchSeatMap"],"fullName":"useSeatStore fetchSeatMap should handle empty data response","status":"passed","title":"should handle empty data response","duration":1.451200008392334,"failureMessages":[],"meta":{},"tags":[]},{"ancestorTitles":["useSeatStore","fetchSeatMap"],"fullName":"useSeatStore fetchSeatMap should set loading to false even on error","status":"passed","title":"should set loading to false even on error","duration":1.9402999877929688,"failureMessages":[],"meta":{},"tags":[]},{"ancestorTitles":["useSeatStore","fetchSeatMap"],"fullName":"useSeatStore fetchSeatMap should handle response without data wrapper","status":"passed","title":"should handle response without data wrapper","duration":1.1356000006198883,"failureMessages":[],"meta":{},"tags":[]},{"ancestorTitles":["useSeatStore","reserve"],"fullName":"useSeatStore reserve should call reserveSeat API","status":"passed","title":"should call reserveSeat API","duration":1.7457000017166138,"failureMessages":[],"meta":{},"tags":[]},{"ancestorTitles":["useSeatStore","reserve"],"fullName":"useSeatStore reserve should show error message on failure","status":"passed","title":"should show error message on failure","duration":2.569399982690811,"failureMessages":[],"meta":{},"tags":[]},{"ancestorTitles":["useSeatStore","cancel"],"fullName":"useSeatStore cancel should call cancelReserve API","status":"passed","title":"should call cancelReserve API","duration":1.0977999866008759,"failureMessages":[],"meta":{},"tags":[]},{"ancestorTitles":["useSeatStore","cancel"],"fullName":"useSeatStore cancel should show error message on failure","status":"passed","title":"should show error message on failure","duration":1.117499977350235,"failureMessages":[],"meta":{},"tags":[]},{"ancestorTitles":["useSeatStore","doCheckIn"],"fullName":"useSeatStore doCheckIn should call checkIn API","status":"passed","title":"should call checkIn API","duration":1.1138000190258026,"failureMessages":[],"meta":{},"tags":[]},{"ancestorTitles":["useSeatStore","doCheckOut"],"fullName":"useSeatStore doCheckOut should call checkOut API","status":"passed","title":"should call checkOut API","duration":0.8175999820232391,"failureMessages":[],"meta":{},"tags":[]},{"ancestorTitles":["useSeatStore","fetchMyReservations"],"fullName":"useSeatStore fetchMyReservations should fetch my reservations","status":"passed","title":"should fetch my reservations","duration":1.274099975824356,"failureMessages":[],"meta":{},"tags":[]},{"ancestorTitles":["useSeatStore","fetchMyReservations"],"fullName":"useSeatStore fetchMyReservations should handle flat data response","status":"passed","title":"should handle flat data response","duration":1.2505000233650208,"failureMessages":[],"meta":{},"tags":[]}],"startTime":1780327918474,"endTime":1780327918543.2505,"status":"passed","message":"","name":"C:/Users/12856/Desktop/论文实现/library-system-v2/frontend/src/__tests__/stores/seat.test.js"},{"assertionResults":[{"ancestorTitles":["useUserStore","initial state"],"fullName":"useUserStore initial state token should be empty string","status":"passed","title":"token should be empty string","duration":363.4287000000477,"failureMessages":[],"meta":{},"tags":[]},{"ancestorTitles":["useUserStore","initial state"],"fullName":"useUserStore initial state userInfo should be null","status":"passed","title":"userInfo should be null","duration":2.553400009870529,"failureMessages":[],"meta":{},"tags":[]},{"ancestorTitles":["useUserStore","initial state"],"fullName":"useUserStore initial state isLoggedIn should be false","status":"passed","title":"isLoggedIn should be false","duration":2.5392999947071075,"failureMessages":[],"meta":{},"tags":[]},{"ancestorTitles":["useUserStore","initial state"],"fullName":"useUserStore initial state username should be empty string","status":"passed","title":"username should be empty string","duration":2.468199998140335,"failureMessages":[],"meta":{},"tags":[]},{"ancestorTitles":["useUserStore","initial state"],"fullName":"useUserStore initial state fetchingUserInfo should be false","status":"passed","title":"fetchingUserInfo should be false","duration":2.6151999831199646,"failureMessages":[],"meta":{},"tags":[]},{"ancestorTitles":["useUserStore","computed properties"],"fullName":"useUserStore computed properties isLoggedIn should be true when token is set","status":"passed","title":"isLoggedIn should be true when token is set","duration":2.9524999856948853,"failureMessages":[],"meta":{},"tags":[]},{"ancestorTitles":["useUserStore","computed properties"],"fullName":"useUserStore computed properties isAdmin should return true for ADMIN role","status":"passed","title":"isAdmin should return true for ADMIN role","duration":2.0584000051021576,"failureMessages":[],"meta":{},"tags":[]},{"ancestorTitles":["useUserStore","computed properties"],"fullName":"useUserStore computed properties isAdmin should return true for LIBRARIAN role","status":"passed","title":"isAdmin should return true for LIBRARIAN role","duration":1.5069999992847443,"failureMessages":[],"meta":{},"tags":[]},{"ancestorTitles":["useUserStore","computed properties"],"fullName":"useUserStore computed properties isAdmin should return false for READER role","status":"passed","title":"isAdmin should return false for READER role","duration":1.858900010585785,"failureMessages":[],"meta":{},"tags":[]},{"ancestorTitles":["useUserStore","computed properties"],"fullName":"useUserStore computed properties isAdmin should return false when userInfo is null","status":"passed","title":"isAdmin should return false when userInfo is null","duration":1.491699993610382,"failureMessages":[],"meta":{},"tags":[]},{"ancestorTitles":["useUserStore","computed properties"],"fullName":"useUserStore computed properties username should return username from userInfo","status":"passed","title":"username should return username from userInfo","duration":2.126499980688095,"failureMessages":[],"meta":{},"tags":[]},{"ancestorTitles":["useUserStore","computed properties"],"fullName":"useUserStore computed properties userRole should return role from userInfo","status":"passed","title":"userRole should return role from userInfo","duration":2.2357999980449677,"failureMessages":[],"meta":{},"tags":[]},{"ancestorTitles":["useUserStore","login action"],"fullName":"useUserStore login action should call apiLogin with login form","status":"passed","title":"should call apiLogin with login form","duration":5.82150000333786,"failureMessages":[],"meta":{},"tags":[]},{"ancestorTitles":["useUserStore","login action"],"fullName":"useUserStore login action should handle response with data wrapper","status":"passed","title":"should handle response with data wrapper","duration":1.2423999905586243,"failureMessages":[],"meta":{},"tags":[]},{"ancestorTitles":["useUserStore","login action"],"fullName":"useUserStore login action should use userInfo from res when no nested userInfo","status":"passed","title":"should use userInfo from res when no nested userInfo","duration":2.077699989080429,"failureMessages":[],"meta":{},"tags":[]},{"ancestorTitles":["useUserStore","logout action"],"fullName":"useUserStore logout action should call apiLogout and clear state","status":"passed","title":"should call apiLogout and clear state","duration":1.4935000240802765,"failureMessages":[],"meta":{},"tags":[]},{"ancestorTitles":["useUserStore","logout action"],"fullName":"useUserStore logout action should clear state even if apiLogout fails","status":"passed","title":"should clear state even if apiLogout fails","duration":1.574400007724762,"failureMessages":[],"meta":{},"tags":[]},{"ancestorTitles":["useUserStore","fetchUserInfo action"],"fullName":"useUserStore fetchUserInfo action should fetch and set userInfo","status":"passed","title":"should fetch and set userInfo","duration":1.146100014448166,"failureMessages":[],"meta":{},"tags":[]},{"ancestorTitles":["useUserStore","fetchUserInfo action"],"fullName":"useUserStore fetchUserInfo action should handle flat response without data wrapper","status":"passed","title":"should handle flat response without data wrapper","duration":1.4946999847888947,"failureMessages":[],"meta":{},"tags":[]},{"ancestorTitles":["useUserStore","fetchUserInfo action"],"fullName":"useUserStore fetchUserInfo action should skip fetch when fetchingUserInfo is true","status":"passed","title":"should skip fetch when fetchingUserInfo is true","duration":1.5595999956130981,"failureMessages":[],"meta":{},"tags":[]},{"ancestorTitles":["useUserStore","fetchUserInfo action"],"fullName":"useUserStore fetchUserInfo action should call logout when fetch fails and no existing userInfo","status":"passed","title":"should call logout when fetch fails and no existing userInfo","duration":20.829600006341934,"failureMessages":[],"meta":{},"tags":[]},{"ancestorTitles":["useUserStore","fetchUserInfo action"],"fullName":"useUserStore fetchUserInfo action should not call logout when fetch fails but userInfo exists","status":"passed","title":"should not call logout when fetch fails but userInfo exists","duration":1.9460000097751617,"failureMessages":[],"meta":{},"tags":[]},{"ancestorTitles":["useUserStore","locking mechanism"],"fullName":"useUserStore locking mechanism fetchingUserInfo should prevent concurrent fetches","status":"passed","title":"fetchingUserInfo should prevent concurrent fetches","duration":26.754900008440018,"failureMessages":[],"meta":{},"tags":[]},{"ancestorTitles":["useUserStore","locking mechanism"],"fullName":"useUserStore locking mechanism fetchingUserInfo should reset to false after fetch","status":"passed","title":"fetchingUserInfo should reset to false after fetch","duration":1.2833000123500824,"failureMessages":[],"meta":{},"tags":[]},{"ancestorTitles":["useUserStore","setToken / setNewToken"],"fullName":"useUserStore setToken / setNewToken should update token and call setAuthToken","status":"passed","title":"should update token and call setAuthToken","duration":1.1855999827384949,"failureMessages":[],"meta":{},"tags":[]},{"ancestorTitles":["useUserStore","initUser"],"fullName":"useUserStore initUser should fetch user info when token exists","status":"passed","title":"should fetch user info when token exists","duration":2.1488999724388123,"failureMessages":[],"meta":{},"tags":[]},{"ancestorTitles":["useUserStore","initUser"],"fullName":"useUserStore initUser should not fetch user info when token is empty","status":"passed","title":"should not fetch user info when token is empty","duration":1.1153999865055084,"failureMessages":[],"meta":{},"tags":[]}],"startTime":1780327917501,"endTime":1780327917962.1155,"status":"passed","message":"","name":"C:/Users/12856/Desktop/论文实现/library-system-v2/frontend/src/__tests__/stores/user.test.js"}]}